d:\school\3d-programmering\inlämning 2\rasterizerdemo\x64\debug\vc143.pdb
d:\school\3d-programmering\inlämning 2\rasterizerdemo\x64\debug\vc143.idb
d:\school\3d-programmering\inlämning 2\rasterizerdemo\x64\debug\windowhelper.obj
d:\school\3d-programmering\inlämning 2\rasterizerdemo\x64\debug\pipelinehelper.obj
d:\school\3d-programmering\inlämning 2\rasterizerdemo\x64\debug\main.obj
d:\school\3d-programmering\inlämning 2\rasterizerdemo\x64\debug\d3d11helper.obj
c:\skolprojekt\3d-programmering\inlämning 2\x64\debug\pixelshader.cso
c:\skolprojekt\3d-programmering\inlämning 2\x64\debug\vertexshader.cso
d:\school\3d-programmering\inlämning 2\rasterizerdemo\pixelshader.cso
d:\school\3d-programmering\inlämning 2\rasterizerdemo\vertexshader.cso
d:\school\3d-programmering\inlämning 2\rasterizerdemo\x64\debug\rasterizerdemo.ilk
d:\school\3d-programmering\inlämning 2\x64\debug\rasterizerdemo.exe
d:\school\3d-programmering\inlämning 2\x64\debug\rasterizerdemo.pdb
d:\school\3d-programmering\inlämning 2\rasterizerdemo\rasterizerdemo.exe
d:\school\3d-programmering\inlämning 2\rasterizerdemo\rasterizerdemo.pdb
d:\school\3d-programmering\inlämning 2\\rasterizerdemo\rasterizerdemo.pdb
d:\school\3d-programmering\inlämning 2\rasterizerdemo\x64\debug\rasterizerdemo.tlog\cl.command.1.tlog
d:\school\3d-programmering\inlämning 2\rasterizerdemo\x64\debug\rasterizerdemo.tlog\cl.items.tlog
d:\school\3d-programmering\inlämning 2\rasterizerdemo\x64\debug\rasterizerdemo.tlog\cl.read.1.tlog
d:\school\3d-programmering\inlämning 2\rasterizerdemo\x64\debug\rasterizerdemo.tlog\cl.write.1.tlog
d:\school\3d-programmering\inlämning 2\rasterizerdemo\x64\debug\rasterizerdemo.tlog\fxc.command.1.tlog
d:\school\3d-programmering\inlämning 2\rasterizerdemo\x64\debug\rasterizerdemo.tlog\fxc.read.1.tlog
d:\school\3d-programmering\inlämning 2\rasterizerdemo\x64\debug\rasterizerdemo.tlog\fxc.write.1.tlog
d:\school\3d-programmering\inlämning 2\rasterizerdemo\x64\debug\rasterizerdemo.tlog\link.command.1.tlog
d:\school\3d-programmering\inlämning 2\rasterizerdemo\x64\debug\rasterizerdemo.tlog\link.read.1.tlog
d:\school\3d-programmering\inlämning 2\rasterizerdemo\x64\debug\rasterizerdemo.tlog\link.write.1.tlog
