  compilation object save succeeded; see D:\School\3D-programmering\Inlämning 2\RasterizerDemo\Build\PixelShader.cso
  compilation object save succeeded; see D:\School\3D-programmering\Inlämning 2\RasterizerDemo\Build\VertexShader.cso
  Vertex.cpp
  VertexManager.cpp
  Generating Code...
  MTLParser.cpp
D:\School\3D-programmering\Inlämning 2\RasterizerDemo\Src\FileReader\Parsers\IFileParser.hpp(44,51): warning C4267: '=': conversion from 'size_t' to 'int', possible loss of data
  (compiling source file 'Src/FileReader/Parsers/MTLParser.cpp')
  
D:\School\3D-programmering\Inlämning 2\RasterizerDemo\Src\FileReader\Parsers\IFileParser.hpp(46,32): warning C4267: '=': conversion from 'size_t' to 'int', possible loss of data
  (compiling source file 'Src/FileReader/Parsers/MTLParser.cpp')
  
  OBJParser.cpp
D:\School\3D-programmering\Inlämning 2\RasterizerDemo\Src\FileReader\Parsers\IFileParser.hpp(44,51): warning C4267: '=': conversion from 'size_t' to 'int', possible loss of data
  (compiling source file 'Src/FileReader/Parsers/OBJParser.cpp')
  
D:\School\3D-programmering\Inlämning 2\RasterizerDemo\Src\FileReader\Parsers\IFileParser.hpp(46,32): warning C4267: '=': conversion from 'size_t' to 'int', possible loss of data
  (compiling source file 'Src/FileReader/Parsers/OBJParser.cpp')
  
  Main.cpp
D:\School\3D-programmering\Inlämning 2\RasterizerDemo\Src\FileReader\Parsers\IFileParser.hpp(44,51): warning C4267: '=': conversion from 'size_t' to 'int', possible loss of data
  (compiling source file 'Src/Main.cpp')
  
D:\School\3D-programmering\Inlämning 2\RasterizerDemo\Src\FileReader\Parsers\IFileParser.hpp(46,32): warning C4267: '=': conversion from 'size_t' to 'int', possible loss of data
  (compiling source file 'Src/Main.cpp')
  
  Generating Code...
  RasterizerDemo.vcxproj -> D:\School\3D-programmering\Inlämning 2\RasterizerDemo\Build\RasterizerDemo.exe
